2024-09-19 21:17:40,009 - INFO - Datasets loaded successfully.
2024-09-19 21:17:40,456 - INFO - Datasets loaded successfully.
2024-09-19 21:17:40,457 - INFO - Datasets loaded successfully.
2024-09-20 08:19:53,540 - INFO - Datasets loaded successfully.
2024-09-20 08:19:54,050 - INFO - Datasets loaded successfully.
2024-09-20 08:19:54,054 - INFO - Datasets loaded successfully.
2024-09-20 08:28:07,294 - INFO - Datasets loaded successfully.
2024-09-20 08:28:07,838 - INFO - Datasets loaded successfully.
2024-09-20 08:28:07,899 - INFO - Datasets loaded successfully.
2024-09-20 09:59:53,355 - INFO - Datasets loaded successfully.
2024-09-20 09:59:53,881 - INFO - Datasets loaded successfully.
2024-09-20 09:59:53,881 - INFO - Datasets loaded successfully.
2024-09-20 10:08:06,969 - INFO - Datasets loaded successfully.
2024-09-20 10:08:07,472 - INFO - Datasets loaded successfully.
2024-09-20 10:08:07,482 - INFO - Datasets loaded successfully.
2024-09-21 09:53:53,528 - INFO - Datasets loaded successfully.
2024-09-21 09:53:54,034 - INFO - Datasets loaded successfully.
2024-09-21 09:53:54,040 - INFO - Datasets loaded successfully.
2024-09-21 10:28:37,030 - INFO - Datasets loaded successfully.
2024-09-21 10:28:37,478 - INFO - Datasets loaded successfully.
2024-09-21 10:28:37,500 - INFO - Datasets loaded successfully.
2024-09-21 10:41:07,804 - INFO - Datasets loaded successfully.
2024-09-21 10:41:08,272 - INFO - Datasets loaded successfully.
2024-09-21 10:41:08,305 - INFO - Datasets loaded successfully.
2024-09-21 11:17:06,298 - INFO - Datasets loaded successfully.
2024-09-21 11:17:06,769 - INFO - Datasets loaded successfully.
2024-09-21 11:17:06,799 - INFO - Datasets loaded successfully.
2024-09-21 11:25:15,127 - INFO - Datasets loaded successfully.
2024-09-21 11:25:15,608 - INFO - Datasets loaded successfully.
2024-09-21 11:25:15,629 - INFO - Datasets loaded successfully.
2024-09-21 11:33:57,295 - INFO - Datasets loaded successfully.
2024-09-21 11:33:57,731 - INFO - Datasets loaded successfully.
2024-09-21 11:33:57,756 - INFO - Datasets loaded successfully.
2024-09-21 11:36:18,925 - INFO - Datasets loaded successfully.
2024-09-21 11:36:19,426 - INFO - Datasets loaded successfully.
2024-09-21 11:36:19,446 - INFO - Datasets loaded successfully.
2024-09-21 11:40:40,135 - INFO - Datasets loaded successfully.
2024-09-21 11:40:40,630 - INFO - Datasets loaded successfully.
2024-09-21 11:40:40,648 - INFO - Datasets loaded successfully.
2024-09-21 11:49:29,280 - INFO - Datasets loaded successfully.
2024-09-21 11:49:29,816 - INFO - Datasets loaded successfully.
2024-09-21 11:49:29,843 - INFO - Datasets loaded successfully.
2024-09-21 11:50:05,635 - INFO - Datasets loaded successfully.
2024-09-21 11:50:06,078 - INFO - Datasets loaded successfully.
2024-09-21 11:50:06,099 - INFO - Datasets loaded successfully.
2024-09-21 11:50:08,640 - INFO - Datasets loaded successfully.
2024-09-21 11:50:09,067 - INFO - Datasets loaded successfully.
2024-09-21 11:50:09,089 - INFO - Datasets loaded successfully.
2024-09-21 11:50:27,702 - INFO - Datasets loaded successfully.
2024-09-21 11:50:28,198 - INFO - Datasets loaded successfully.
2024-09-21 11:50:28,203 - INFO - Datasets loaded successfully.
2024-09-21 11:53:33,967 - INFO - Datasets loaded successfully.
2024-09-21 11:53:34,492 - INFO - Datasets loaded successfully.
2024-09-21 11:53:34,512 - INFO - Datasets loaded successfully.
2024-09-21 12:02:04,490 - INFO - Datasets loaded successfully.
2024-09-21 12:02:05,062 - INFO - Datasets loaded successfully.
2024-09-21 12:02:05,094 - INFO - Datasets loaded successfully.
2024-09-21 12:03:33,306 - INFO - Datasets loaded successfully.
2024-09-21 12:03:33,741 - INFO - Datasets loaded successfully.
2024-09-21 12:03:33,759 - INFO - Datasets loaded successfully.
2024-09-21 12:03:51,232 - INFO - Datasets loaded successfully.
2024-09-21 12:03:51,728 - INFO - Datasets loaded successfully.
2024-09-21 12:03:51,730 - INFO - Datasets loaded successfully.
2024-09-21 12:10:42,352 - INFO - Datasets loaded successfully.
2024-09-21 12:10:42,852 - INFO - Datasets loaded successfully.
2024-09-21 12:10:42,875 - INFO - Datasets loaded successfully.
2024-09-23 14:35:04,926 - INFO - Error loading data: [Errno 2] No such file or directory: '../data/test.csv'
2024-09-23 14:35:04,927 - INFO - Error loading data: [Errno 2] No such file or directory: '../data/train.csv'
2024-09-23 14:35:04,927 - INFO - Error loading data: [Errno 2] No such file or directory: '../data/store.csv'
2024-09-23 14:37:01,181 - INFO - Datasets loaded successfully.
2024-09-23 14:37:01,651 - INFO - Datasets loaded successfully.
2024-09-23 14:37:01,656 - INFO - Datasets loaded successfully.
2024-09-23 14:38:32,073 - INFO - Datasets loaded successfully.
2024-09-23 14:38:32,509 - INFO - Datasets loaded successfully.
2024-09-23 14:38:32,511 - INFO - Datasets loaded successfully.
2024-09-23 16:13:49,087 - INFO - Datasets loaded successfully.
2024-09-23 16:13:49,650 - INFO - Datasets loaded successfully.
2024-09-23 16:13:49,656 - INFO - Datasets loaded successfully.
2024-09-23 16:35:53,901 - INFO - Datasets loaded successfully.
2024-09-23 16:35:54,467 - INFO - Datasets loaded successfully.
2024-09-23 16:35:54,475 - INFO - Datasets loaded successfully.
2024-09-23 17:24:36,785 - INFO - Datasets loaded successfully.
2024-09-23 17:24:37,537 - INFO - Datasets loaded successfully.
2024-09-23 17:24:37,568 - INFO - Datasets loaded successfully.
2024-09-23 18:03:04,823 - WARNING - You are saving your model as an HDF5 file via `model.save()` or `keras.saving.save_model(model)`. This file format is considered legacy. We recommend using instead the native Keras format, e.g. `model.save('my_model.keras')` or `keras.saving.save_model(model, 'my_model.keras')`. 
